<?xml version="1.0" encoding="UTF-8"?>
<!-- Generated by org.testng.reporters.JUnitReportReporter -->
<testsuite hostname="VURAM-2022-0136" failures="0" tests="1" name="com.testinmyown.SoftHardAssertions" time="9.991" errors="0" timestamp="2023-01-19T23:58:55 IST" skipped="0">
  <testcase classname="com.testinmyown.SoftHardAssertions" name="TestGoogle" time="9.991"/>
  <system-out/>
</testsuite> <!-- com.testinmyown.SoftHardAssertions -->
