<?xml version="1.0" encoding="UTF-8"?>
<!-- Generated by org.testng.reporters.JUnitReportReporter -->
<testsuite hostname="VURAM-2022-0136" failures="0" tests="1" name="com.testinmyown.AnnotationsTest" time="0.014" errors="0" timestamp="2023-01-19T23:58:54 IST" skipped="0">
  <testcase classname="com.testinmyown.AnnotationsTest" name="testmetod2" time="0.014"/>
  <system-out/>
</testsuite> <!-- com.testinmyown.AnnotationsTest -->
